Build started 17-11-2024 18:36:18.
     1>Project "G:\244101054_speechproject\244101054_speechproject\244101054_speechproject.vcxproj" on node 2 (build target(s)).
     1>InitializeBuildStatus:
         Touching "Debug\244101054_speechproject.unsuccessfulbuild".
       ClCompile:
         All outputs are up-to-date.
         All outputs are up-to-date.
       ManifestResourceCompile:
         All outputs are up-to-date.
       Link:
         C:\Program Files (x86)\Microsoft Visual Studio 10.0\VC\bin\link.exe /ERRORREPORT:PROMPT /OUT:"G:\244101054_speechproject\Debug\244101054_speechproject.exe" /INCREMENTAL /NOLOGO kernel32.lib user32.lib gdi32.lib winspool.lib comdlg32.lib advapi32.lib shell32.lib ole32.lib oleaut32.lib uuid.lib odbc32.lib odbccp32.lib /MANIFEST /ManifestFile:"Debug\244101054_speechproject.exe.intermediate.manifest" /MANIFESTUAC:"level='asInvoker' uiAccess='false'" /DEBUG /PDB:"G:\244101054_speechproject\Debug\244101054_speechproject.pdb" /SUBSYSTEM:CONSOLE /TLBID:1 /DYNAMICBASE /NXCOMPAT /IMPLIB:"G:\244101054_speechproject\Debug\244101054_speechproject.lib" /MACHINE:X86 Debug\244101054_speechproject.exe.embed.manifest.res
         Debug\244101054_speechproject.obj
         Debug\stdafx.obj
       Manifest:
         C:\Program Files (x86)\Microsoft SDKs\Windows\v7.0A\bin\mt.exe /nologo /verbose /out:"Debug\244101054_speechproject.exe.embed.manifest" /manifest Debug\244101054_speechproject.exe.intermediate.manifest
         All outputs are up-to-date.
       LinkEmbedManifest:
         All outputs are up-to-date.
         244101054_speechproject.vcxproj -> G:\244101054_speechproject\Debug\244101054_speechproject.exe
       FinalizeBuildStatus:
         Deleting file "Debug\244101054_speechproject.unsuccessfulbuild".
         Touching "Debug\244101054_speechproject.lastbuildstate".
     1>Done Building Project "G:\244101054_speechproject\244101054_speechproject\244101054_speechproject.vcxproj" (build target(s)).

Build succeeded.

Time Elapsed 00:00:00.67
